  Character.cpp
h:\youtube projects\c---state-rpg\c++ console state rpg\character.h(81): warning C4244: 'return': conversion from 'const float' to 'const int', possible loss of data
h:\youtube projects\c---state-rpg\c++ console state rpg\character.cpp(16): warning C4244: '=': conversion from 'int' to 'float', possible loss of data
h:\youtube projects\c---state-rpg\c++ console state rpg\character.cpp(162): warning C4244: '=': conversion from 'double' to 'int', possible loss of data
h:\youtube projects\c---state-rpg\c++ console state rpg\character.cpp(220): warning C4244: 'initializing': conversion from 'float' to 'int', possible loss of data
  CharacterCreatorState.cpp
h:\youtube projects\c---state-rpg\c++ console state rpg\character.h(81): warning C4244: 'return': conversion from 'const float' to 'const int', possible loss of data
  CharacterMenuState.cpp
h:\youtube projects\c---state-rpg\c++ console state rpg\character.h(81): warning C4244: 'return': conversion from 'const float' to 'const int', possible loss of data
  CharacterSelectorState.cpp
h:\youtube projects\c---state-rpg\c++ console state rpg\character.h(81): warning C4244: 'return': conversion from 'const float' to 'const int', possible loss of data
  CharacterStatMenuState.cpp
h:\youtube projects\c---state-rpg\c++ console state rpg\character.h(81): warning C4244: 'return': conversion from 'const float' to 'const int', possible loss of data
  CombatState.cpp
h:\youtube projects\c---state-rpg\c++ console state rpg\character.h(81): warning C4244: 'return': conversion from 'const float' to 'const int', possible loss of data
h:\youtube projects\c---state-rpg\c++ console state rpg\enemy.h(30): warning C4244: 'return': conversion from 'const float' to 'const int', possible loss of data
h:\youtube projects\c---state-rpg\c++ console state rpg\combatstate.cpp(26): warning C4244: 'argument': conversion from 'time_t' to 'unsigned int', possible loss of data
  Enemy.cpp
h:\youtube projects\c---state-rpg\c++ console state rpg\enemy.h(30): warning C4244: 'return': conversion from 'const float' to 'const int', possible loss of data
h:\youtube projects\c---state-rpg\c++ console state rpg\enemy.cpp(12): warning C4244: '=': conversion from 'int' to 'float', possible loss of data
  Game.cpp
h:\youtube projects\c---state-rpg\c++ console state rpg\character.h(81): warning C4244: 'return': conversion from 'const float' to 'const int', possible loss of data
h:\youtube projects\c---state-rpg\c++ console state rpg\enemy.h(30): warning C4244: 'return': conversion from 'const float' to 'const int', possible loss of data
  GameState.cpp
h:\youtube projects\c---state-rpg\c++ console state rpg\character.h(81): warning C4244: 'return': conversion from 'const float' to 'const int', possible loss of data
h:\youtube projects\c---state-rpg\c++ console state rpg\enemy.h(30): warning C4244: 'return': conversion from 'const float' to 'const int', possible loss of data
  Inventory.cpp
  MainMenuState.cpp
h:\youtube projects\c---state-rpg\c++ console state rpg\character.h(81): warning C4244: 'return': conversion from 'const float' to 'const int', possible loss of data
h:\youtube projects\c---state-rpg\c++ console state rpg\enemy.h(30): warning C4244: 'return': conversion from 'const float' to 'const int', possible loss of data
  State.cpp
  TravelMenuState.cpp
h:\youtube projects\c---state-rpg\c++ console state rpg\character.h(81): warning C4244: 'return': conversion from 'const float' to 'const int', possible loss of data
h:\youtube projects\c---state-rpg\c++ console state rpg\enemy.h(30): warning C4244: 'return': conversion from 'const float' to 'const int', possible loss of data
h:\youtube projects\c---state-rpg\c++ console state rpg\travelmenustate.cpp(118): warning C4267: 'argument': conversion from 'size_t' to 'unsigned int', possible loss of data
  main.cpp
h:\youtube projects\c---state-rpg\c++ console state rpg\character.h(81): warning C4244: 'return': conversion from 'const float' to 'const int', possible loss of data
h:\youtube projects\c---state-rpg\c++ console state rpg\enemy.h(30): warning C4244: 'return': conversion from 'const float' to 'const int', possible loss of data
  Generating Code...
  LINK : H:\YOUTUBE PROJECTS\C---State-RPG\x64\Debug\C++ Console State RPG.exe not found or not built by the last incremental link; performing full link
  C++ Console State RPG.vcxproj -> H:\YOUTUBE PROJECTS\C---State-RPG\x64\Debug\C++ Console State RPG.exe
